0 info it worked if it ends with ok
1 verbose cli [ '/opt/local/bin/node', '/opt/local/bin/npm', 'publish' ]
2 info using npm@2.15.12
3 info using node@v8.11.3
4 verbose publish [ '.' ]
5 silly cache add args [ '.', null ]
6 verbose cache add spec .
7 silly cache add parsed spec Result {
7 silly cache add   raw: '.',
7 silly cache add   scope: null,
7 silly cache add   name: null,
7 silly cache add   rawSpec: '.',
7 silly cache add   spec: '/Volumes/Projects/magento2/m23-demo/node_modules/baldwin/penthouse-cli',
7 silly cache add   type: 'directory' }
8 verbose addLocalDirectory /Users/tristanhofman/.npm/penthouse-cli/1.0.0/package.tgz not in flight; packing
9 verbose correctMkdir /Users/tristanhofman/.npm correctMkdir not in flight; initializing
10 verbose tar pack [ '/Users/tristanhofman/.npm/penthouse-cli/1.0.0/package.tgz',
10 verbose tar pack   '/Volumes/Projects/magento2/m23-demo/node_modules/baldwin/penthouse-cli' ]
11 verbose tarball /Users/tristanhofman/.npm/penthouse-cli/1.0.0/package.tgz
12 verbose folder /Volumes/Projects/magento2/m23-demo/node_modules/baldwin/penthouse-cli
13 info prepublish penthouse-cli@1.0.0
14 verbose addLocalTarball adding from inside cache /Users/tristanhofman/.npm/penthouse-cli/1.0.0/package.tgz
15 verbose correctMkdir /Users/tristanhofman/.npm correctMkdir not in flight; initializing
16 silly cache afterAdd penthouse-cli@1.0.0
17 verbose afterAdd /Users/tristanhofman/.npm/penthouse-cli/1.0.0/package/package.json not in flight; writing
18 verbose correctMkdir /Users/tristanhofman/.npm correctMkdir not in flight; initializing
19 verbose afterAdd /Users/tristanhofman/.npm/penthouse-cli/1.0.0/package/package.json written
20 silly publish { name: 'penthouse-cli',
20 silly publish   version: '1.0.0',
20 silly publish   description: 'Penthouse cli tool',
20 silly publish   bin: { 'penthouse-cli': './bin/penthouse-cli' },
20 silly publish   main: 'index',
20 silly publish   scripts: { test: 'echo "Error: no test specified" && exit 1' },
20 silly publish   keywords: [ 'Penthouse', 'cli-tool' ],
20 silly publish   author: { name: 'Tristan Hofman' },
20 silly publish   license: 'ISC',
20 silly publish   dependencies: { penthouse: '^2.2.2' },
20 silly publish   readme: 'ERROR: No README data found!',
20 silly publish   _id: 'penthouse-cli@1.0.0',
20 silly publish   _shasum: '3409bd5b142f3ded67488fdc374631227f8a86ba',
20 silly publish   _from: '.' }
21 verbose getPublishConfig undefined
22 silly mapToRegistry name penthouse-cli
23 silly mapToRegistry using default registry
24 silly mapToRegistry registry https://registry.npmjs.org/
25 silly mapToRegistry data Result {
25 silly mapToRegistry   raw: 'penthouse-cli',
25 silly mapToRegistry   scope: null,
25 silly mapToRegistry   name: 'penthouse-cli',
25 silly mapToRegistry   rawSpec: '',
25 silly mapToRegistry   spec: 'latest',
25 silly mapToRegistry   type: 'tag' }
26 silly mapToRegistry uri https://registry.npmjs.org/penthouse-cli
27 verbose publish registryBase https://registry.npmjs.org/
28 silly publish uploading /Users/tristanhofman/.npm/penthouse-cli/1.0.0/package.tgz
29 verbose stack Error: auth required for publishing
29 verbose stack     at CachingRegistryClient.publish (/opt/local/lib/node_modules/npm/node_modules/npm-registry-client/lib/publish.js:30:14)
29 verbose stack     at /opt/local/lib/node_modules/npm/lib/publish.js:134:14
29 verbose stack     at mapToRegistry (/opt/local/lib/node_modules/npm/lib/utils/map-to-registry.js:62:3)
29 verbose stack     at publish_ (/opt/local/lib/node_modules/npm/lib/publish.js:104:3)
29 verbose stack     at Array.<anonymous> (/opt/local/lib/node_modules/npm/node_modules/slide/lib/bind-actor.js:15:8)
29 verbose stack     at LOOP (/opt/local/lib/node_modules/npm/node_modules/slide/lib/chain.js:15:14)
29 verbose stack     at LOOP (/opt/local/lib/node_modules/npm/node_modules/slide/lib/chain.js:14:28)
29 verbose stack     at chain (/opt/local/lib/node_modules/npm/node_modules/slide/lib/chain.js:20:5)
29 verbose stack     at /opt/local/lib/node_modules/npm/lib/publish.js:73:5
29 verbose stack     at RES (/opt/local/lib/node_modules/npm/node_modules/inflight/inflight.js:23:14)
30 verbose cwd /Volumes/Projects/magento2/m23-demo/node_modules/baldwin/penthouse-cli
31 error Darwin 17.7.0
32 error argv "/opt/local/bin/node" "/opt/local/bin/npm" "publish"
33 error node v8.11.3
34 error npm  v2.15.12
35 error code ENEEDAUTH
36 error need auth auth required for publishing
36 error need auth You need to authorize this machine using `npm adduser`
37 verbose exit [ 1, true ]
